Arguments: 
  C:\Program Files\nodejs\node.exe C:\Users\Phi Tup\AppData\Roaming\npm\node_modules\yarn\bin\yarn.js Server

PATH: 
  C:\ProgramData\Oracle\Java\javapath;C:\WINDOWS\system32;C:\WINDOWS;C:\WINDOWS\System32\Wbem;C:\WINDOWS\System32\WindowsPowerShell\v1.0\;C:\Program Files (x86)\Microsoft SQL Server\110\Tools\Binn\;C:\Program Files\Microsoft SQL Server\110\Tools\Binn\;C:\Program Files\Microsoft SQL Server\110\DTS\Binn\;C:\Program Files (x86)\Microsoft SQL Server\110\Tools\Binn\ManagementStudio\;C:\Program Files (x86)\Microsoft SQL Server\110\DTS\Binn\;C:\Program Files\dotnet\;C:\Program Files\Microsoft SQL Server\130\Tools\Binn\;C:\Program Files\Git\cmd;C:\Program Files (x86)\QuickTime\QTSystem\;C:\Program Files\nodejs\;C:\Users\Phi Tup\AppData\Local\Microsoft\WindowsApps;C:\Users\Phi Tup\AppData\Local\atom\bin;C:\Program Files\Microsoft VS Code\bin;C:\Users\Phi Tup\AppData\Roaming\npm

Yarn version: 
  1.5.1

Node version: 
  8.10.0

Platform: 
  win32 x64

npm manifest: 
  No manifest

yarn manifest: 
  No manifest

Lockfile: 
  No lockfile

Trace: 
  Error: Couldn't find a package.json file in "D:\\React Native\\Chat RealTime Nodejs\\react_native-chat-realtime"
      at new MessageError (C:\Users\Phi Tup\AppData\Roaming\npm\node_modules\yarn\lib\cli.js:186:110)
      at C:\Users\Phi Tup\AppData\Roaming\npm\node_modules\yarn\lib\cli.js:40048:15
      at Generator.next (<anonymous>)
      at step (C:\Users\Phi Tup\AppData\Roaming\npm\node_modules\yarn\lib\cli.js:98:30)
      at C:\Users\Phi Tup\AppData\Roaming\npm\node_modules\yarn\lib\cli.js:109:13
      at <anonymous>
