Arguments: 
  C:\Program Files\nodejs\node.exe C:\Users\Phi Tup\AppData\Roaming\npm\node_modules\yarn\bin\yarn.js add simple-peer --dev

PATH: 
  C:\ProgramData\Oracle\Java\javapath;C:\WINDOWS\system32;C:\WINDOWS;C:\WINDOWS\System32\Wbem;C:\WINDOWS\System32\WindowsPowerShell\v1.0\;C:\Program Files (x86)\Microsoft SQL Server\110\Tools\Binn\;C:\Program Files\Microsoft SQL Server\110\Tools\Binn\;C:\Program Files\Microsoft SQL Server\110\DTS\Binn\;C:\Program Files (x86)\Microsoft SQL Server\110\Tools\Binn\ManagementStudio\;C:\Program Files (x86)\Microsoft SQL Server\110\DTS\Binn\;C:\Program Files\dotnet\;C:\Program Files\Microsoft SQL Server\130\Tools\Binn\;C:\Program Files\Git\cmd;C:\Program Files (x86)\QuickTime\QTSystem\;C:\Program Files\nodejs\;C:\Users\Phi Tup\AppData\Local\Microsoft\WindowsApps;C:\Users\Phi Tup\AppData\Local\atom\bin;C:\Program Files\Microsoft VS Code\bin;C:\Users\Phi Tup\AppData\Roaming\npm

Yarn version: 
  1.5.1

Node version: 
  8.10.0

Platform: 
  win32 x64

npm manifest: 
  {
    "name": "chatrealtime",
    "version": "1.0.0",
    "description": "",
    "main": "index.js",
    "scripts": {
      "test": "echo \"Error: no test specified\" && exit 1",
      "Server": "nodemon Server.js"
    },
    "repository": {
      "type": "git",
      "url": "git+https://github.com/phitup/react_native-chat-realtime.git"
    },
    "author": "phitup",
    "license": "ISC",
    "bugs": {
      "url": "https://github.com/phitup/react_native-chat-realtime/issues"
    },
    "homepage": "https://github.com/phitup/react_native-chat-realtime#readme",
    "dependencies": {
      "ejs": "^2.5.7",
      "express": "^4.16.3",
      "lodash": "^4.17.5",
      "open": "0.0.5",
      "socket.io": "^2.0.4"
    },
    "devDependencies": {
      "webpack-cli": "^2.0.13"
    }
  }

yarn manifest: 
  No manifest

Lockfile: 
  No lockfile

Trace: 
  Error: EPERM: operation not permitted, unlink 'D:\React Native\Chat RealTime Nodejs\react_native-chat-realtime\SERVER\node_modules\uws\uws_win32_57.node'
